<?xml version="1.0" encoding="UTF-8"?>
<!-- Generated by org.testng.reporters.JUnitXMLReporter -->
<testsuite ignored="0" hostname="Praveens-MacBook-Pro.local" failures="1" tests="4" name="Test" time="0.016" errors="0" timestamp="2024-05-22T19:12:38 IST">
  <testcase classname="testNG.GroupTesting" name="Test1" time="0.003"/>
  <testcase classname="testNG.GroupTesting" name="Test2" time="0.001"/>
  <testcase classname="testNG.GroupTesting" name="Test3" time="0.001">
    <failure type="java.lang.AssertionError" message="expected [true] but found [false]">
      <![CDATA[java.lang.AssertionError: expected [true] but found [false]
at testNG.GroupTesting.Test3(GroupTesting.java:30)
at java.base/java.util.ArrayList.forEach(ArrayList.java:1596)
... Removed 29 stack frames]]>
    </failure>
  </testcase> <!-- Test3 -->
  <testcase classname="testNG.GroupTesting" name="Test4" time="0.001"/>
</testsuite> <!-- Test -->
