<?xml version="1.0" encoding="UTF-8"?>
<!-- Generated by org.testng.reporters.JUnitXMLReporter -->
<testsuite ignored="2" hostname="Praveens-MacBook-Pro.local" failures="0" tests="6" name="Test" time="0.006" errors="0" timestamp="2024-05-21T09:11:42 IST">
  <testcase classname="testNG.GroupTesting" name="Test1" time="0.0"/>
  <testcase classname="testNG.GroupTesting" name="Test2" time="0.0"/>
  <testcase classname="testNG.GroupTesting" name="Test3" time="0.0"/>
  <testcase classname="testNG.GroupTesting" name="Test4" time="0.001"/>
  <testcase classname="testNG.LoginTest" name="LogIn" time="0.001"/>
  <testcase classname="testNG.LoginTest" name="LogOut" time="0.001"/>
  <testcase classname="common.BeforeAfterSuite" name="@AfterSuite AfterSuite" time="0.0">
    <ignored/>
  </testcase> <!-- @AfterSuite AfterSuite -->
  <testcase classname="common.BeforeAfterSuite" name="@BeforeSuite BeforeSuite" time="0.0">
    <ignored/>
  </testcase> <!-- @BeforeSuite BeforeSuite -->
</testsuite> <!-- Test -->
