<?xml version="1.0" encoding="UTF-8"?>
<!-- Generated by org.testng.reporters.JUnitXMLReporter -->
<testsuite ignored="3" hostname="Praveens-MacBook-Pro.local" failures="0" tests="5" name="Test" time="8.92" errors="0" timestamp="2024-05-21T09:11:42 IST">
  <testcase classname="testNG.GroupTesting" name="Test1" time="0.004"/>
  <testcase classname="testNG.GroupTesting" name="Test2" time="0.001"/>
  <testcase classname="testNG.GroupTesting" name="Test3" time="0.001"/>
  <testcase classname="testNG.GroupTesting" name="Test4" time="0.0"/>
  <testcase classname="testNG.TitleVerification" name="TitleVerify" time="8.901"/>
  <testcase classname="testNG.LoginTest" name="LogIn" time="0.0">
    <ignored/>
  </testcase> <!-- LogIn -->
  <testcase classname="testNG.Soft_Assert" name="TitleTest" time="0.0">
    <ignored/>
  </testcase> <!-- TitleTest -->
  <testcase classname="testNG.LoginTest" name="LogOut" time="0.0">
    <ignored/>
  </testcase> <!-- LogOut -->
</testsuite> <!-- Test -->
