<?xml version="1.0" encoding="UTF-8"?>
<!-- Generated by org.testng.reporters.JUnitXMLReporter -->
<testsuite ignored="0" hostname="Praveens-MBP" failures="0" tests="4" name="GRP-Regression" time="0.021" errors="0" timestamp="2024-05-20T11:45:03 IST">
  <testcase classname="testNG.GroupTesting" name="Test1" time="0.004"/>
  <testcase classname="testNG.GroupTesting" name="Test2" time="0.001"/>
  <testcase classname="testNG.GroupTesting" name="Test3" time="0.001"/>
  <testcase classname="testNG.GroupTesting" name="Test4" time="0.001"/>
</testsuite> <!-- GRP-Regression -->
