<?xml version="1.0" encoding="UTF-8"?>
<!-- Generated by org.testng.reporters.JUnitXMLReporter -->
<testsuite ignored="0" hostname="Praveens-MacBook-Pro.local" failures="0" tests="14" name="GRP-Regression,BVM" time="52.324" errors="0" timestamp="2024-05-20T22:17:09 IST">
  <testcase classname="testNG.TitleVerification" name="TitleVerify" time="52.301"/>
  <testcase classname="testNG.GroupTesting" name="Test1" time="0.001"/>
  <testcase classname="testNG.GroupTesting" name="Test2" time="0.001"/>
  <testcase classname="testNG.GroupTesting" name="Test3" time="0.0"/>
  <testcase classname="testNG.GroupTesting" name="Test4" time="0.0"/>
  <testcase classname="testNG.TestNGAnnotations" name="Test_1" time="0.001"/>
  <testcase classname="testNG.TestNGAnnotations" name="Test_2" time="0.0"/>
  <testcase classname="testNG.TestNGAnnotations" name="Test_3" time="0.0"/>
  <testcase classname="testNG.TestNGAnnotations" name="Test_4" time="0.001"/>
  <testcase classname="testNG.TestNGAnnotations" name="Test_5" time="0.0"/>
  <testcase classname="testNG.TestNGAnnotations" name="Test_6" time="0.001"/>
  <testcase classname="testNG.TestNGAnnotations" name="Test_7" time="0.0"/>
  <testcase classname="testNG.TestNGAnnotations" name="Test_8" time="0.0"/>
  <testcase classname="testNG.TestNGAnnotations" name="Test_9" time="0.0"/>
</testsuite> <!-- GRP-Regression,BVM -->
