<?xml version="1.0" encoding="UTF-8"?>
<!-- Generated by org.testng.reporters.JUnitXMLReporter -->
<testsuite ignored="0" hostname="Praveens-MacBook-Pro.local" failures="0" tests="4" name="GRP-User Registration" time="0.016" errors="0" timestamp="2024-05-20T22:11:54 IST">
  <testcase classname="testNG.GroupTesting" name="Test1" time="0.004"/>
  <testcase classname="testNG.GroupTesting" name="Test2" time="0.0"/>
  <testcase classname="testNG.GroupTesting" name="Test3" time="0.0"/>
  <testcase classname="testNG.GroupTesting" name="Test4" time="0.0"/>
</testsuite> <!-- GRP-User Registration -->
